2025-11-24 17:30:27,637 - WeChatService - INFO - 正在初始化微信服务...
2025-11-24 17:30:27,637 - WeChatService - INFO - HTTP API 启动于 http://0.0.0.0:5000
2025-11-24 17:30:27,800 - WeChatService - INFO - 共享内存创建成功并写入密钥
2025-11-24 17:30:27,800 - WeChatService - INFO - 微信服务初始化成功
2025-11-24 17:30:27,800 - WeChatService - INFO - 正在注入微信...
2025-11-24 17:30:27,811 - werkzeug - INFO - [31m[1mWARNING: This is a development server. Do not use it in a production deployment. Use a production WSGI server instead.[0m
 * Running on all addresses (0.0.0.0)
 * Running on http://127.0.0.1:5000
 * Running on http://198.18.0.1:5000
2025-11-24 17:30:27,811 - werkzeug - INFO - [33mPress CTRL+C to quit[0m
2025-11-24 17:30:28,045 - WeChatService - INFO - 成功注入微信，客户端 ID 为: 42160
2025-11-24 17:30:28,045 - WeChatService - INFO - 心跳监控已启动
2025-11-24 17:30:28,046 - WeChatService - INFO - 微信服务已启动，正在运行...
2025-11-24 17:30:29,435 - WeChatService - INFO - 客户端 1 已连接，当前连接数: 1
2025-11-24 17:32:28,080 - WeChatService - WARNING - 检测到连接超时，尝试重连...
2025-11-24 17:32:28,081 - WeChatService - INFO - 尝试重连 (1/5)...
2025-11-24 17:32:28,196 - WeChatService - INFO - 客户端 1 已断开，当前连接数: 0
2025-11-24 17:32:38,384 - WeChatService - INFO - 重连成功，客户端 ID: 42160
2025-11-24 17:32:39,578 - WeChatService - INFO - 客户端 1 已连接，当前连接数: 1
2025-11-24 17:34:38,420 - WeChatService - WARNING - 检测到连接超时，尝试重连...
2025-11-24 17:34:38,420 - WeChatService - INFO - 尝试重连 (1/5)...
2025-11-24 17:34:38,524 - WeChatService - INFO - 客户端 1 已断开，当前连接数: 0
2025-11-24 17:34:48,692 - WeChatService - INFO - 重连成功，客户端 ID: 42160
2025-11-24 17:35:47,891 - WeChatService - INFO - 收到信号 2，准备停止服务...
2025-11-24 17:35:48,708 - WeChatService - INFO - 正在停止微信服务...
2025-11-24 17:35:48,827 - WeChatService - INFO - 微信连接已断开
2025-11-24 17:35:48,828 - WeChatService - INFO - 微信服务已停止
